<?xml version="1.0" encoding="utf-8"?><testsuites name="pytest tests"><testsuite name="pytest" errors="0" failures="0" skipped="0" tests="28" time="11.317" timestamp="2026-05-31T06:40:20.778892+00:00" hostname="agent-env-9ea799e5-160b-425f-b5c5-b2b19bd6a497"><testcase classname="backend.tests.test_backend.TestAuth" name="test_login_admin_returns_token_and_user" time="0.483" /><testcase classname="backend.tests.test_backend.TestAuth" name="test_login_wrong_password" time="0.360" /><testcase classname="backend.tests.test_backend.TestAuth" name="test_me_with_token" time="0.567" /><testcase classname="backend.tests.test_backend.TestAuth" name="test_me_without_token" time="0.108" /><testcase classname="backend.tests.test_backend.TestRoles" name="test_staff_blocked_from_dashboard" time="0.444" /><testcase classname="backend.tests.test_backend.TestRoles" name="test_staff_blocked_from_salaries" time="0.110" /><testcase classname="backend.tests.test_backend.TestRoles" name="test_staff_blocked_from_expense_categories_post" time="0.100" /><testcase classname="backend.tests.test_backend.TestRoles" name="test_staff_blocked_from_whatsapp_numbers_get" time="0.103" /><testcase classname="backend.tests.test_backend.TestRoles" name="test_viewer_blocked_from_expenses_post" time="0.485" /><testcase classname="backend.tests.test_backend.TestItemsAndPurchases" name="test_items_seeded" time="0.102" /><testcase classname="backend.tests.test_backend.TestItemsAndPurchases" name="test_create_purchase_total_cost" time="0.210" /><testcase classname="backend.tests.test_backend.TestItemsAndPurchases" name="test_stock_math" time="0.454" /><testcase classname="backend.tests.test_backend.TestSales" name="test_duplicate_sales_409" time="0.321" /><testcase classname="backend.tests.test_backend.TestExpenses" name="test_create_expense_and_filter" time="0.522" /><testcase classname="backend.tests.test_backend.TestExpenseCategories" name="test_create_and_list" time="0.233" /><testcase classname="backend.tests.test_backend.TestStaffPayroll" name="test_create_staff" time="0.100" /><testcase classname="backend.tests.test_backend.TestSalaries" name="test_salary_flow" time="0.687" /><testcase classname="backend.tests.test_backend.TestPnL" name="test_pnl_arithmetic_with_explicit_range" time="0.562" /><testcase classname="backend.tests.test_backend.TestPnL" name="test_pnl_trend_30" time="0.113" /><testcase classname="backend.tests.test_backend.TestPnL" name="test_pnl_pdf_export" time="0.289" /><testcase classname="backend.tests.test_backend.TestDashboardNewFields" name="test_dashboard_has_new_kpis" time="0.104" /><testcase classname="backend.tests.test_backend.TestWhatsAppLogOnly" name="test_create_number_and_test_logs_log_only" time="0.303" /><testcase classname="backend.tests.test_backend.TestWhatsAppLogOnly" name="test_deactivate_number" time="0.216" /><testcase classname="backend.tests.test_backend.TestWhatsAppLogOnly" name="test_large_purchase_triggers_log" time="2.924" /><testcase classname="backend.tests.test_backend.TestWhatsAppLogOnly" name="test_run_job_morning_report" time="0.101" /><testcase classname="backend.tests.test_backend.TestWhatsAppLogOnly" name="test_run_job_daily_report" time="0.107" /><testcase classname="backend.tests.test_backend.TestWhatsAppLogOnly" name="test_run_job_no_sales_reminder" time="0.153" /><testcase classname="backend.tests.test_backend.TestUserDeactivation" name="test_deactivated_user_cannot_login" time="0.858" /></testsuite></testsuites>