<?xml version="1.0" encoding="utf-8"?><testsuites name="pytest tests"><testsuite name="pytest" errors="0" failures="0" skipped="0" tests="34" time="9.071" timestamp="2026-05-31T04:47:07.648138+00:00" hostname="agent-env-9ea799e5-160b-425f-b5c5-b2b19bd6a497"><testcase classname="backend.tests.test_backend.TestAuth" name="test_login_admin_returns_token_and_user" time="0.503" /><testcase classname="backend.tests.test_backend.TestAuth" name="test_login_wrong_password" time="0.341" /><testcase classname="backend.tests.test_backend.TestAuth" name="test_login_unknown_email" time="0.117" /><testcase classname="backend.tests.test_backend.TestAuth" name="test_me_with_token" time="0.485" /><testcase classname="backend.tests.test_backend.TestAuth" name="test_me_without_token" time="0.126" /><testcase classname="backend.tests.test_backend.TestRoles" name="test_staff_blocked_from_dashboard" time="0.458" /><testcase classname="backend.tests.test_backend.TestRoles" name="test_staff_blocked_from_create_item" time="0.124" /><testcase classname="backend.tests.test_backend.TestRoles" name="test_staff_blocked_from_users" time="0.103" /><testcase classname="backend.tests.test_backend.TestRoles" name="test_viewer_blocked_from_items_post" time="0.459" /><testcase classname="backend.tests.test_backend.TestRoles" name="test_viewer_blocked_from_purchases_post" time="0.280" /><testcase classname="backend.tests.test_backend.TestRoles" name="test_viewer_blocked_from_usage_post" time="0.203" /><testcase classname="backend.tests.test_backend.TestRoles" name="test_viewer_blocked_from_sales_post" time="0.102" /><testcase classname="backend.tests.test_backend.TestItems" name="test_seeded_33_items" time="0.102" /><testcase classname="backend.tests.test_backend.TestItems" name="test_create_item_and_duplicate" time="0.221" /><testcase classname="backend.tests.test_backend.TestItems" name="test_patch_item" time="0.216" /><testcase classname="backend.tests.test_backend.TestPurchases" name="test_create_purchase_total_cost" time="0.227" /><testcase classname="backend.tests.test_backend.TestPurchases" name="test_purchase_qty_zero_validation" time="0.236" /><testcase classname="backend.tests.test_backend.TestPurchases" name="test_purchase_negative_price_validation" time="0.213" /><testcase classname="backend.tests.test_backend.TestPurchases" name="test_list_purchases_enriched" time="0.105" /><testcase classname="backend.tests.test_backend.TestUsageAndStock" name="test_create_usage_and_stock_states" time="0.788" /><testcase classname="backend.tests.test_backend.TestUsageAndStock" name="test_stock_count" time="0.119" /><testcase classname="backend.tests.test_backend.TestUsageAndStock" name="test_alerts_only_low_out" time="0.117" /><testcase classname="backend.tests.test_backend.TestSales" name="test_create_sales_and_duplicate" time="0.382" /><testcase classname="backend.tests.test_backend.TestSales" name="test_sales_check" time="0.100" /><testcase classname="backend.tests.test_backend.TestDashboard" name="test_admin_dashboard" time="0.124" /><testcase classname="backend.tests.test_backend.TestCategoriesUnits" name="test_list_categories" time="0.103" /><testcase classname="backend.tests.test_backend.TestCategoriesUnits" name="test_create_category_admin_only" time="0.203" /><testcase classname="backend.tests.test_backend.TestCategoriesUnits" name="test_list_units" time="0.111" /><testcase classname="backend.tests.test_backend.TestCategoriesUnits" name="test_create_unit_admin_only" time="0.230" /><testcase classname="backend.tests.test_backend.TestBusinessProfile" name="test_get_profile" time="0.094" /><testcase classname="backend.tests.test_backend.TestBusinessProfile" name="test_patch_profile_admin_only" time="0.222" /><testcase classname="backend.tests.test_backend.TestUsers" name="test_create_and_update_user" time="0.746" /><testcase classname="backend.tests.test_backend.TestBulkReorder" name="test_bulk_reorder" time="0.338" /><testcase classname="backend.tests.test_backend.TestStaffIsolation" name="test_staff_sees_only_own_purchases" time="0.558" /></testsuite></testsuites>